#-----------------------------------------------------------
# Vivado v2018.2 (64-bit)
# SW Build 2258646 on Thu Jun 14 20:03:12 MDT 2018
# IP Build 2256618 on Thu Jun 14 22:10:49 MDT 2018
# Start of session at: Mon Apr 19 23:29:36 2021
# Process ID: 17712
# Current directory: C:/Users/JFSR00/git/TDC/project_20
# Command line: vivado.exe -gui_launcher_event rodinguilauncherevent19268 C:\Users\JFSR00\git\TDC\project_20\project_20.xpr
# Log file: C:/Users/JFSR00/git/TDC/project_20/vivado.log
# Journal file: C:/Users/JFSR00/git/TDC/project_20\vivado.jou
#-----------------------------------------------------------
start_gui
open_project C:/Users/JFSR00/git/TDC/project_20/project_20.xpr
INFO: [Project 1-313] Project file moved from 'C:/Users/TDC/Vivado/project_20' since last save.
Scanning sources...
Finished scanning sources
WARNING: [filemgmt 56-2] IPUserFilesDir: Could not find the directory 'C:/Users/JFSR00/git/TDC/project_20/project_20.ip_user_files', nor could it be found using path 'C:/Users/TDC/Vivado/project_20/project_20.ip_user_files'.
INFO: [IP_Flow 19-234] Refreshing IP repositories
INFO: [IP_Flow 19-1704] No user IP repositories specified
INFO: [IP_Flow 19-2313] Loaded Vivado IP repository 'C:/Xilinx/Vivado/2018.2/data/ip'.
open_project: Time (s): cpu = 00:00:17 ; elapsed = 00:00:09 . Memory (MB): peak = 804.898 ; gain = 69.242
update_compile_order -fileset sources_1
exit
INFO: [Common 17-206] Exiting Vivado at Mon Apr 19 23:41:01 2021...
