
*** Running vivado
    with args -log DISP7SEG_8ON.vds -m64 -product Vivado -mode batch -messageDb vivado.pb -notrace -source DISP7SEG_8ON.tcl


****** Vivado v2018.2 (64-bit)
  **** SW Build 2258646 on Thu Jun 14 20:03:12 MDT 2018
  **** IP Build 2256618 on Thu Jun 14 22:10:49 MDT 2018
    ** Copyright 1986-2018 Xilinx, Inc. All Rights Reserved.

source DISP7SEG_8ON.tcl -notrace
Command: synth_design -top DISP7SEG_8ON -part xc7a100tcsg324-1
Starting synth_design
Attempting to get a license for feature 'Synthesis' and/or device 'xc7a100t'
INFO: [Common 17-349] Got license for feature 'Synthesis' and/or device 'xc7a100t'
INFO: Launching helper process for spawning children vivado processes
INFO: Helper process launched with PID 1756 
---------------------------------------------------------------------------------
Starting RTL Elaboration : Time (s): cpu = 00:00:03 ; elapsed = 00:00:03 . Memory (MB): peak = 342.500 ; gain = 100.164
---------------------------------------------------------------------------------
INFO: [Synth 8-638] synthesizing module 'DISP7SEG_8ON' [C:/Users/TDC/Vivado/Project_21/Project_21.srcs/sources_1/new/DISP7SEG_8ON.vhd:50]
	Parameter DATA_WIDTH bound to: 4 - type: integer 
INFO: [Synth 8-3491] module 'DISP7SEG' declared at 'C:/Users/TDC/Vivado/Project_21/Project_21.srcs/sources_1/imports/new/DISP7SEG.vhd:34' bound to instance 'my_disp7seg' of component 'DISP7SEG' [C:/Users/TDC/Vivado/Project_21/Project_21.srcs/sources_1/new/DISP7SEG_8ON.vhd:86]
INFO: [Synth 8-638] synthesizing module 'DISP7SEG' [C:/Users/TDC/Vivado/Project_21/Project_21.srcs/sources_1/imports/new/DISP7SEG.vhd:41]
INFO: [Synth 8-256] done synthesizing module 'DISP7SEG' (1#1) [C:/Users/TDC/Vivado/Project_21/Project_21.srcs/sources_1/imports/new/DISP7SEG.vhd:41]
	Parameter DATA_WIDTH bound to: 3 - type: integer 
INFO: [Synth 8-3491] module 'COUNTER_N_bits' declared at 'C:/Users/TDC/Vivado/Project_21/Project_21.srcs/sources_1/imports/new/COUNTER_N_bits.vhd:34' bound to instance 'my_counter_n_bits' of component 'COUNTER_N_bits' [C:/Users/TDC/Vivado/Project_21/Project_21.srcs/sources_1/new/DISP7SEG_8ON.vhd:96]
INFO: [Synth 8-638] synthesizing module 'COUNTER_N_bits' [C:/Users/TDC/Vivado/Project_21/Project_21.srcs/sources_1/imports/new/COUNTER_N_bits.vhd:42]
	Parameter DATA_WIDTH bound to: 3 - type: integer 
INFO: [Synth 8-256] done synthesizing module 'COUNTER_N_bits' (2#1) [C:/Users/TDC/Vivado/Project_21/Project_21.srcs/sources_1/imports/new/COUNTER_N_bits.vhd:42]
	Parameter END_COUNT bound to: 1000 - type: integer 
INFO: [Synth 8-3491] module 'CE_N_Hz' declared at 'C:/Users/TDC/Vivado/Project_21/Project_21.srcs/sources_1/imports/new/CE_N_Hz.vhd:33' bound to instance 'my_ce_n_hz' of component 'CE_N_Hz' [C:/Users/TDC/Vivado/Project_21/Project_21.srcs/sources_1/new/DISP7SEG_8ON.vhd:107]
INFO: [Synth 8-638] synthesizing module 'CE_N_Hz' [C:/Users/TDC/Vivado/Project_21/Project_21.srcs/sources_1/imports/new/CE_N_Hz.vhd:40]
	Parameter END_COUNT bound to: 1000 - type: integer 
INFO: [Synth 8-256] done synthesizing module 'CE_N_Hz' (3#1) [C:/Users/TDC/Vivado/Project_21/Project_21.srcs/sources_1/imports/new/CE_N_Hz.vhd:40]
INFO: [Synth 8-256] done synthesizing module 'DISP7SEG_8ON' (4#1) [C:/Users/TDC/Vivado/Project_21/Project_21.srcs/sources_1/new/DISP7SEG_8ON.vhd:50]
---------------------------------------------------------------------------------
Finished RTL Elaboration : Time (s): cpu = 00:00:03 ; elapsed = 00:00:04 . Memory (MB): peak = 397.582 ; gain = 155.246
---------------------------------------------------------------------------------

Report Check Netlist: 
+------+------------------+-------+---------+-------+------------------+
|      |Item              |Errors |Warnings |Status |Description       |
+------+------------------+-------+---------+-------+------------------+
|1     |multi_driven_nets |      0|        0|Passed |Multi driven nets |
+------+------------------+-------+---------+-------+------------------+
---------------------------------------------------------------------------------
Start Handling Custom Attributes
---------------------------------------------------------------------------------
---------------------------------------------------------------------------------
Finished Handling Custom Attributes : Time (s): cpu = 00:00:04 ; elapsed = 00:00:04 . Memory (MB): peak = 397.582 ; gain = 155.246
---------------------------------------------------------------------------------
---------------------------------------------------------------------------------
Finished RTL Optimization Phase 1 : Time (s): cpu = 00:00:04 ; elapsed = 00:00:04 . Memory (MB): peak = 397.582 ; gain = 155.246
---------------------------------------------------------------------------------
INFO: [Device 21-403] Loading part xc7a100tcsg324-1
INFO: [Project 1-570] Preparing netlist for logic optimization

Processing XDC Constraints
Initializing timing engine
Parsing XDC File [C:/Users/TDC/Vivado/Project_21/Project_21.srcs/constrs_1/imports/Downloads/Nexys-4-DDR-Master.xdc]
Finished Parsing XDC File [C:/Users/TDC/Vivado/Project_21/Project_21.srcs/constrs_1/imports/Downloads/Nexys-4-DDR-Master.xdc]
INFO: [Project 1-236] Implementation specific constraints were found while reading constraint file [C:/Users/TDC/Vivado/Project_21/Project_21.srcs/constrs_1/imports/Downloads/Nexys-4-DDR-Master.xdc]. These constraints will be ignored for synthesis but will be used in implementation. Impacted constraints are listed in the file [.Xil/DISP7SEG_8ON_propImpl.xdc].
Resolution: To avoid this warning, move constraints listed in [.Xil/DISP7SEG_8ON_propImpl.xdc] to another XDC file and exclude this new file from synthesis with the used_in_synthesis property (File Properties dialog in GUI) and re-run elaboration/synthesis.
Completed Processing XDC Constraints

INFO: [Project 1-111] Unisim Transformation Summary:
No Unisim elements were transformed.

Constraint Validation Runtime : Time (s): cpu = 00:00:00 ; elapsed = 00:00:00.003 . Memory (MB): peak = 715.539 ; gain = 0.000
---------------------------------------------------------------------------------
Finished Constraint Validation : Time (s): cpu = 00:00:13 ; elapsed = 00:00:16 . Memory (MB): peak = 715.539 ; gain = 473.203
---------------------------------------------------------------------------------
---------------------------------------------------------------------------------
Start Loading Part and Timing Information
---------------------------------------------------------------------------------
Loading part: xc7a100tcsg324-1
---------------------------------------------------------------------------------
Finished Loading Part and Timing Information : Time (s): cpu = 00:00:13 ; elapsed = 00:00:16 . Memory (MB): peak = 715.539 ; gain = 473.203
---------------------------------------------------------------------------------
---------------------------------------------------------------------------------
Start Applying 'set_property' XDC Constraints
---------------------------------------------------------------------------------
---------------------------------------------------------------------------------
Finished applying 'set_property' XDC Constraints : Time (s): cpu = 00:00:13 ; elapsed = 00:00:16 . Memory (MB): peak = 715.539 ; gain = 473.203
---------------------------------------------------------------------------------
INFO: [Synth 8-5546] ROM "CLK_N_Hz_o" won't be mapped to RAM because it is too sparse
---------------------------------------------------------------------------------
Finished RTL Optimization Phase 2 : Time (s): cpu = 00:00:13 ; elapsed = 00:00:16 . Memory (MB): peak = 715.539 ; gain = 473.203
---------------------------------------------------------------------------------

Report RTL Partitions: 
+-+--------------+------------+----------+
| |RTL Partition |Replication |Instances |
+-+--------------+------------+----------+
+-+--------------+------------+----------+
---------------------------------------------------------------------------------
Start RTL Component Statistics 
---------------------------------------------------------------------------------
Detailed RTL Component Info : 
+---Adders : 
	   2 Input     10 Bit       Adders := 1     
	   2 Input      3 Bit       Adders := 1     
+---Registers : 
	               10 Bit    Registers := 1     
	                3 Bit    Registers := 1     
	                1 Bit    Registers := 1     
+---Muxes : 
	   8 Input      8 Bit        Muxes := 1     
	   2 Input      1 Bit        Muxes := 1     
---------------------------------------------------------------------------------
Finished RTL Component Statistics 
---------------------------------------------------------------------------------
---------------------------------------------------------------------------------
Start RTL Hierarchical Component Statistics 
---------------------------------------------------------------------------------
Hierarchical RTL Component report 
Module DISP7SEG 
Detailed RTL Component Info : 
+---Muxes : 
	   8 Input      8 Bit        Muxes := 1     
Module COUNTER_N_bits 
Detailed RTL Component Info : 
+---Adders : 
	   2 Input      3 Bit       Adders := 1     
+---Registers : 
	                3 Bit    Registers := 1     
Module CE_N_Hz 
Detailed RTL Component Info : 
+---Adders : 
	   2 Input     10 Bit       Adders := 1     
+---Registers : 
	               10 Bit    Registers := 1     
	                1 Bit    Registers := 1     
+---Muxes : 
	   2 Input      1 Bit        Muxes := 1     
---------------------------------------------------------------------------------
Finished RTL Hierarchical Component Statistics
---------------------------------------------------------------------------------
---------------------------------------------------------------------------------
Start Part Resource Summary
---------------------------------------------------------------------------------
Part Resources:
DSPs: 240 (col length:80)
BRAMs: 270 (col length: RAMB18 80 RAMB36 40)
---------------------------------------------------------------------------------
Finished Part Resource Summary
---------------------------------------------------------------------------------
---------------------------------------------------------------------------------
Start Cross Boundary and Area Optimization
---------------------------------------------------------------------------------
Warning: Parallel synthesis criteria is not met 
INFO: [Synth 8-5546] ROM "my_ce_n_hz/CLK_N_Hz_o" won't be mapped to RAM because it is too sparse
---------------------------------------------------------------------------------
Finished Cross Boundary and Area Optimization : Time (s): cpu = 00:00:14 ; elapsed = 00:00:17 . Memory (MB): peak = 715.539 ; gain = 473.203
---------------------------------------------------------------------------------

Report RTL Partitions: 
+-+--------------+------------+----------+
| |RTL Partition |Replication |Instances |
+-+--------------+------------+----------+
+-+--------------+------------+----------+
---------------------------------------------------------------------------------
Start Applying XDC Timing Constraints
---------------------------------------------------------------------------------
---------------------------------------------------------------------------------
Finished Applying XDC Timing Constraints : Time (s): cpu = 00:00:24 ; elapsed = 00:00:28 . Memory (MB): peak = 738.461 ; gain = 496.125
---------------------------------------------------------------------------------
---------------------------------------------------------------------------------
Start Timing Optimization
---------------------------------------------------------------------------------
---------------------------------------------------------------------------------
Finished Timing Optimization : Time (s): cpu = 00:00:24 ; elapsed = 00:00:28 . Memory (MB): peak = 758.523 ; gain = 516.188
---------------------------------------------------------------------------------

Report RTL Partitions: 
+-+--------------+------------+----------+
| |RTL Partition |Replication |Instances |
+-+--------------+------------+----------+
+-+--------------+------------+----------+
---------------------------------------------------------------------------------
Start Technology Mapping
---------------------------------------------------------------------------------
---------------------------------------------------------------------------------
Finished Technology Mapping : Time (s): cpu = 00:00:24 ; elapsed = 00:00:28 . Memory (MB): peak = 758.523 ; gain = 516.188
---------------------------------------------------------------------------------

Report RTL Partitions: 
+-+--------------+------------+----------+
| |RTL Partition |Replication |Instances |
+-+--------------+------------+----------+
+-+--------------+------------+----------+
---------------------------------------------------------------------------------
Start IO Insertion
---------------------------------------------------------------------------------
---------------------------------------------------------------------------------
Start Flattening Before IO Insertion
---------------------------------------------------------------------------------
---------------------------------------------------------------------------------
Finished Flattening Before IO Insertion
---------------------------------------------------------------------------------
---------------------------------------------------------------------------------
Start Final Netlist Cleanup
---------------------------------------------------------------------------------
---------------------------------------------------------------------------------
Finished Final Netlist Cleanup
---------------------------------------------------------------------------------
---------------------------------------------------------------------------------
Finished IO Insertion : Time (s): cpu = 00:00:25 ; elapsed = 00:00:29 . Memory (MB): peak = 758.523 ; gain = 516.188
---------------------------------------------------------------------------------

Report Check Netlist: 
+------+------------------+-------+---------+-------+------------------+
|      |Item              |Errors |Warnings |Status |Description       |
+------+------------------+-------+---------+-------+------------------+
|1     |multi_driven_nets |      0|        0|Passed |Multi driven nets |
+------+------------------+-------+---------+-------+------------------+
---------------------------------------------------------------------------------
Start Renaming Generated Instances
---------------------------------------------------------------------------------
---------------------------------------------------------------------------------
Finished Renaming Generated Instances : Time (s): cpu = 00:00:25 ; elapsed = 00:00:29 . Memory (MB): peak = 758.523 ; gain = 516.188
---------------------------------------------------------------------------------

Report RTL Partitions: 
+-+--------------+------------+----------+
| |RTL Partition |Replication |Instances |
+-+--------------+------------+----------+
+-+--------------+------------+----------+
---------------------------------------------------------------------------------
Start Rebuilding User Hierarchy
---------------------------------------------------------------------------------
---------------------------------------------------------------------------------
Finished Rebuilding User Hierarchy : Time (s): cpu = 00:00:25 ; elapsed = 00:00:29 . Memory (MB): peak = 758.523 ; gain = 516.188
---------------------------------------------------------------------------------
---------------------------------------------------------------------------------
Start Renaming Generated Ports
---------------------------------------------------------------------------------
---------------------------------------------------------------------------------
Finished Renaming Generated Ports : Time (s): cpu = 00:00:25 ; elapsed = 00:00:29 . Memory (MB): peak = 758.523 ; gain = 516.188
---------------------------------------------------------------------------------
---------------------------------------------------------------------------------
Start Handling Custom Attributes
---------------------------------------------------------------------------------
---------------------------------------------------------------------------------
Finished Handling Custom Attributes : Time (s): cpu = 00:00:25 ; elapsed = 00:00:29 . Memory (MB): peak = 758.523 ; gain = 516.188
---------------------------------------------------------------------------------
---------------------------------------------------------------------------------
Start Renaming Generated Nets
---------------------------------------------------------------------------------
---------------------------------------------------------------------------------
Finished Renaming Generated Nets : Time (s): cpu = 00:00:25 ; elapsed = 00:00:29 . Memory (MB): peak = 758.523 ; gain = 516.188
---------------------------------------------------------------------------------
---------------------------------------------------------------------------------
Start Writing Synthesis Report
---------------------------------------------------------------------------------

Report BlackBoxes: 
+-+--------------+----------+
| |BlackBox name |Instances |
+-+--------------+----------+
+-+--------------+----------+

Report Cell Usage: 
+------+-----+------+
|      |Cell |Count |
+------+-----+------+
|1     |BUFG |     1|
|2     |LUT1 |     1|
|3     |LUT2 |     3|
|4     |LUT3 |    12|
|5     |LUT4 |     9|
|6     |LUT5 |     8|
|7     |LUT6 |     9|
|8     |FDCE |    14|
|9     |IBUF |    18|
|10    |OBUF |    15|
+------+-----+------+

Report Instance Areas: 
+------+--------------------+---------------+------+
|      |Instance            |Module         |Cells |
+------+--------------------+---------------+------+
|1     |top                 |               |    90|
|2     |  my_ce_n_hz        |CE_N_Hz        |    27|
|3     |  my_counter_n_bits |COUNTER_N_bits |    29|
+------+--------------------+---------------+------+
---------------------------------------------------------------------------------
Finished Writing Synthesis Report : Time (s): cpu = 00:00:25 ; elapsed = 00:00:29 . Memory (MB): peak = 758.523 ; gain = 516.188
---------------------------------------------------------------------------------
Synthesis finished with 0 errors, 0 critical warnings and 0 warnings.
Synthesis Optimization Runtime : Time (s): cpu = 00:00:14 ; elapsed = 00:00:20 . Memory (MB): peak = 758.523 ; gain = 198.230
Synthesis Optimization Complete : Time (s): cpu = 00:00:25 ; elapsed = 00:00:29 . Memory (MB): peak = 758.523 ; gain = 516.188
INFO: [Project 1-571] Translating synthesized netlist
INFO: [Netlist 29-17] Analyzing 18 Unisim elements for replacement
INFO: [Netlist 29-28] Unisim Transformation completed in 0 CPU seconds
INFO: [Project 1-570] Preparing netlist for logic optimization
INFO: [Opt 31-138] Pushed 0 inverter(s) to 0 load pin(s).
INFO: [Project 1-111] Unisim Transformation Summary:
No Unisim elements were transformed.

INFO: [Common 17-83] Releasing license: Synthesis
25 Infos, 0 Warnings, 0 Critical Warnings and 0 Errors encountered.
synth_design completed successfully
synth_design: Time (s): cpu = 00:00:27 ; elapsed = 00:00:31 . Memory (MB): peak = 762.188 ; gain = 533.043
WARNING: [Constraints 18-5210] No constraint will be written out.
INFO: [Common 17-1381] The checkpoint 'C:/Users/TDC/Vivado/Project_21/Project_21.runs/synth_1/DISP7SEG_8ON.dcp' has been generated.
INFO: [runtcl-4] Executing : report_utilization -file DISP7SEG_8ON_utilization_synth.rpt -pb DISP7SEG_8ON_utilization_synth.pb
report_utilization: Time (s): cpu = 00:00:00 ; elapsed = 00:00:00.037 . Memory (MB): peak = 762.188 ; gain = 0.000
INFO: [Common 17-206] Exiting Vivado at Wed Apr 14 11:12:52 2021...
