
*** Running vivado
    with args -log TOP.vds -m64 -product Vivado -mode batch -messageDb vivado.pb -notrace -source TOP.tcl


****** Vivado v2018.2 (64-bit)
  **** SW Build 2258646 on Thu Jun 14 20:03:12 MDT 2018
  **** IP Build 2256618 on Thu Jun 14 22:10:49 MDT 2018
    ** Copyright 1986-2018 Xilinx, Inc. All Rights Reserved.

source TOP.tcl -notrace
Command: synth_design -top TOP -part xc7a100tcsg324-1
Starting synth_design
Attempting to get a license for feature 'Synthesis' and/or device 'xc7a100t'
INFO: [Common 17-349] Got license for feature 'Synthesis' and/or device 'xc7a100t'
INFO: Launching helper process for spawning children vivado processes
INFO: Helper process launched with PID 9132 
---------------------------------------------------------------------------------
Starting RTL Elaboration : Time (s): cpu = 00:00:03 ; elapsed = 00:00:03 . Memory (MB): peak = 342.980 ; gain = 100.742
---------------------------------------------------------------------------------
INFO: [Synth 8-638] synthesizing module 'TOP' [C:/Users/TDC/Vivado/TDC/Project_24/Project_24.srcs/sources_1/new/TOP.vhd:47]
	Parameter DATA_WIDTH bound to: 4 - type: integer 
	Parameter ADDR_WIDTH bound to: 4 - type: integer 
	Parameter CW_WIDTH bound to: 6 - type: integer 
	Parameter DATA_WIDTH bound to: 4 - type: integer 
	Parameter ADDR_WIDTH bound to: 4 - type: integer 
	Parameter CW_WIDTH bound to: 6 - type: integer 
INFO: [Synth 8-3491] module 'DATAPATH_0' declared at 'C:/Users/TDC/Vivado/TDC/Project_24/Project_24.srcs/sources_1/new/DATAPATH_0.vhd:34' bound to instance 'DATAPATH' of component 'DATAPATH_0' [C:/Users/TDC/Vivado/TDC/Project_24/Project_24.srcs/sources_1/new/TOP.vhd:87]
INFO: [Synth 8-638] synthesizing module 'DATAPATH_0' [C:/Users/TDC/Vivado/TDC/Project_24/Project_24.srcs/sources_1/new/DATAPATH_0.vhd:49]
	Parameter DATA_WIDTH bound to: 4 - type: integer 
	Parameter ADDR_WIDTH bound to: 4 - type: integer 
	Parameter CW_WIDTH bound to: 6 - type: integer 
INFO: [Synth 8-256] done synthesizing module 'DATAPATH_0' (1#1) [C:/Users/TDC/Vivado/TDC/Project_24/Project_24.srcs/sources_1/new/DATAPATH_0.vhd:49]
	Parameter DATA_WIDTH bound to: 4 - type: integer 
INFO: [Synth 8-3491] module 'DISP7SEG_8ON' declared at 'C:/Users/TDC/Vivado/TDC/Project_24/Project_24.srcs/sources_1/imports/new/DISP7SEG_8ON.vhd:34' bound to instance 'DISPLAY' of component 'DISP7SEG_8ON' [C:/Users/TDC/Vivado/TDC/Project_24/Project_24.srcs/sources_1/new/TOP.vhd:103]
INFO: [Synth 8-638] synthesizing module 'DISP7SEG_8ON' [C:/Users/TDC/Vivado/TDC/Project_24/Project_24.srcs/sources_1/imports/new/DISP7SEG_8ON.vhd:50]
	Parameter DATA_WIDTH bound to: 4 - type: integer 
INFO: [Synth 8-3491] module 'DISP7SEG' declared at 'C:/Users/TDC/Vivado/TDC/Project_24/Project_24.srcs/sources_1/imports/new/DISP7SEG.vhd:34' bound to instance 'my_disp7seg' of component 'DISP7SEG' [C:/Users/TDC/Vivado/TDC/Project_24/Project_24.srcs/sources_1/imports/new/DISP7SEG_8ON.vhd:86]
INFO: [Synth 8-638] synthesizing module 'DISP7SEG' [C:/Users/TDC/Vivado/TDC/Project_24/Project_24.srcs/sources_1/imports/new/DISP7SEG.vhd:41]
INFO: [Synth 8-256] done synthesizing module 'DISP7SEG' (2#1) [C:/Users/TDC/Vivado/TDC/Project_24/Project_24.srcs/sources_1/imports/new/DISP7SEG.vhd:41]
	Parameter DATA_WIDTH bound to: 3 - type: integer 
INFO: [Synth 8-3491] module 'COUNTER_N_bits' declared at 'C:/Users/TDC/Vivado/TDC/Project_24/Project_24.srcs/sources_1/imports/new/COUNTER_N_bits.vhd:34' bound to instance 'my_counter_n_bits' of component 'COUNTER_N_bits' [C:/Users/TDC/Vivado/TDC/Project_24/Project_24.srcs/sources_1/imports/new/DISP7SEG_8ON.vhd:96]
INFO: [Synth 8-638] synthesizing module 'COUNTER_N_bits' [C:/Users/TDC/Vivado/TDC/Project_24/Project_24.srcs/sources_1/imports/new/COUNTER_N_bits.vhd:42]
	Parameter DATA_WIDTH bound to: 3 - type: integer 
INFO: [Synth 8-256] done synthesizing module 'COUNTER_N_bits' (3#1) [C:/Users/TDC/Vivado/TDC/Project_24/Project_24.srcs/sources_1/imports/new/COUNTER_N_bits.vhd:42]
	Parameter END_COUNT bound to: 1000 - type: integer 
INFO: [Synth 8-3491] module 'CE_N_Hz' declared at 'C:/Users/TDC/Vivado/TDC/Project_24/Project_24.srcs/sources_1/imports/new/CE_N_Hz.vhd:33' bound to instance 'my_ce_n_hz' of component 'CE_N_Hz' [C:/Users/TDC/Vivado/TDC/Project_24/Project_24.srcs/sources_1/imports/new/DISP7SEG_8ON.vhd:107]
INFO: [Synth 8-638] synthesizing module 'CE_N_Hz' [C:/Users/TDC/Vivado/TDC/Project_24/Project_24.srcs/sources_1/imports/new/CE_N_Hz.vhd:40]
	Parameter END_COUNT bound to: 1000 - type: integer 
INFO: [Synth 8-256] done synthesizing module 'CE_N_Hz' (4#1) [C:/Users/TDC/Vivado/TDC/Project_24/Project_24.srcs/sources_1/imports/new/CE_N_Hz.vhd:40]
INFO: [Synth 8-226] default block is never used [C:/Users/TDC/Vivado/TDC/Project_24/Project_24.srcs/sources_1/imports/new/DISP7SEG_8ON.vhd:118]
INFO: [Synth 8-256] done synthesizing module 'DISP7SEG_8ON' (5#1) [C:/Users/TDC/Vivado/TDC/Project_24/Project_24.srcs/sources_1/imports/new/DISP7SEG_8ON.vhd:50]
INFO: [Synth 8-256] done synthesizing module 'TOP' (6#1) [C:/Users/TDC/Vivado/TDC/Project_24/Project_24.srcs/sources_1/new/TOP.vhd:47]
---------------------------------------------------------------------------------
Finished RTL Elaboration : Time (s): cpu = 00:00:03 ; elapsed = 00:00:03 . Memory (MB): peak = 397.559 ; gain = 155.320
---------------------------------------------------------------------------------

Report Check Netlist: 
+------+------------------+-------+---------+-------+------------------+
|      |Item              |Errors |Warnings |Status |Description       |
+------+------------------+-------+---------+-------+------------------+
|1     |multi_driven_nets |      0|        0|Passed |Multi driven nets |
+------+------------------+-------+---------+-------+------------------+
---------------------------------------------------------------------------------
Start Handling Custom Attributes
---------------------------------------------------------------------------------
---------------------------------------------------------------------------------
Finished Handling Custom Attributes : Time (s): cpu = 00:00:04 ; elapsed = 00:00:04 . Memory (MB): peak = 397.559 ; gain = 155.320
---------------------------------------------------------------------------------
---------------------------------------------------------------------------------
Finished RTL Optimization Phase 1 : Time (s): cpu = 00:00:04 ; elapsed = 00:00:04 . Memory (MB): peak = 397.559 ; gain = 155.320
---------------------------------------------------------------------------------
INFO: [Device 21-403] Loading part xc7a100tcsg324-1
INFO: [Project 1-570] Preparing netlist for logic optimization

Processing XDC Constraints
Initializing timing engine
Parsing XDC File [C:/Users/TDC/Vivado/TDC/Project_24/Project_24.srcs/constrs_1/imports/Downloads/Nexys-4-DDR-Master.xdc]
Finished Parsing XDC File [C:/Users/TDC/Vivado/TDC/Project_24/Project_24.srcs/constrs_1/imports/Downloads/Nexys-4-DDR-Master.xdc]
INFO: [Project 1-236] Implementation specific constraints were found while reading constraint file [C:/Users/TDC/Vivado/TDC/Project_24/Project_24.srcs/constrs_1/imports/Downloads/Nexys-4-DDR-Master.xdc]. These constraints will be ignored for synthesis but will be used in implementation. Impacted constraints are listed in the file [.Xil/TOP_propImpl.xdc].
Resolution: To avoid this warning, move constraints listed in [.Xil/TOP_propImpl.xdc] to another XDC file and exclude this new file from synthesis with the used_in_synthesis property (File Properties dialog in GUI) and re-run elaboration/synthesis.
Completed Processing XDC Constraints

INFO: [Project 1-111] Unisim Transformation Summary:
No Unisim elements were transformed.

Constraint Validation Runtime : Time (s): cpu = 00:00:00 ; elapsed = 00:00:00.002 . Memory (MB): peak = 729.094 ; gain = 0.000
---------------------------------------------------------------------------------
Finished Constraint Validation : Time (s): cpu = 00:00:13 ; elapsed = 00:00:15 . Memory (MB): peak = 729.094 ; gain = 486.855
---------------------------------------------------------------------------------
---------------------------------------------------------------------------------
Start Loading Part and Timing Information
---------------------------------------------------------------------------------
Loading part: xc7a100tcsg324-1
---------------------------------------------------------------------------------
Finished Loading Part and Timing Information : Time (s): cpu = 00:00:13 ; elapsed = 00:00:15 . Memory (MB): peak = 729.094 ; gain = 486.855
---------------------------------------------------------------------------------
---------------------------------------------------------------------------------
Start Applying 'set_property' XDC Constraints
---------------------------------------------------------------------------------
---------------------------------------------------------------------------------
Finished applying 'set_property' XDC Constraints : Time (s): cpu = 00:00:13 ; elapsed = 00:00:15 . Memory (MB): peak = 729.094 ; gain = 486.855
---------------------------------------------------------------------------------
INFO: [Synth 8-5818] HDL ADVISOR - The operator resource <adder> is shared. To prevent sharing consider applying a KEEP on the output of the operator [C:/Users/TDC/Vivado/TDC/Project_24/Project_24.srcs/sources_1/new/DATAPATH_0.vhd:78]
INFO: [Synth 8-5544] ROM "FZ" won't be mapped to Block RAM because address size (4) smaller than threshold (5)
INFO: [Synth 8-5546] ROM "CLK_N_Hz_o" won't be mapped to RAM because it is too sparse
---------------------------------------------------------------------------------
Finished RTL Optimization Phase 2 : Time (s): cpu = 00:00:13 ; elapsed = 00:00:15 . Memory (MB): peak = 729.094 ; gain = 486.855
---------------------------------------------------------------------------------

Report RTL Partitions: 
+-+--------------+------------+----------+
| |RTL Partition |Replication |Instances |
+-+--------------+------------+----------+
+-+--------------+------------+----------+
---------------------------------------------------------------------------------
Start RTL Component Statistics 
---------------------------------------------------------------------------------
Detailed RTL Component Info : 
+---Adders : 
	   2 Input     10 Bit       Adders := 1     
	   3 Input      4 Bit       Adders := 1     
	   2 Input      4 Bit       Adders := 1     
	   2 Input      3 Bit       Adders := 1     
+---Registers : 
	               10 Bit    Registers := 1     
	                4 Bit    Registers := 3     
	                3 Bit    Registers := 1     
	                1 Bit    Registers := 2     
+---RAMs : 
	               64 Bit         RAMs := 1     
+---Muxes : 
	   8 Input      8 Bit        Muxes := 1     
	   4 Input      4 Bit        Muxes := 2     
	   2 Input      4 Bit        Muxes := 1     
	   2 Input      1 Bit        Muxes := 2     
---------------------------------------------------------------------------------
Finished RTL Component Statistics 
---------------------------------------------------------------------------------
---------------------------------------------------------------------------------
Start RTL Hierarchical Component Statistics 
---------------------------------------------------------------------------------
Hierarchical RTL Component report 
Module DATAPATH_0 
Detailed RTL Component Info : 
+---Adders : 
	   3 Input      4 Bit       Adders := 1     
	   2 Input      4 Bit       Adders := 1     
+---Registers : 
	                4 Bit    Registers := 3     
	                1 Bit    Registers := 1     
+---RAMs : 
	               64 Bit         RAMs := 1     
+---Muxes : 
	   4 Input      4 Bit        Muxes := 2     
	   2 Input      4 Bit        Muxes := 1     
	   2 Input      1 Bit        Muxes := 1     
Module DISP7SEG 
Detailed RTL Component Info : 
+---Muxes : 
	   8 Input      8 Bit        Muxes := 1     
Module COUNTER_N_bits 
Detailed RTL Component Info : 
+---Adders : 
	   2 Input      3 Bit       Adders := 1     
+---Registers : 
	                3 Bit    Registers := 1     
Module CE_N_Hz 
Detailed RTL Component Info : 
+---Adders : 
	   2 Input     10 Bit       Adders := 1     
+---Registers : 
	               10 Bit    Registers := 1     
	                1 Bit    Registers := 1     
+---Muxes : 
	   2 Input      1 Bit        Muxes := 1     
---------------------------------------------------------------------------------
Finished RTL Hierarchical Component Statistics
---------------------------------------------------------------------------------
---------------------------------------------------------------------------------
Start Part Resource Summary
---------------------------------------------------------------------------------
Part Resources:
DSPs: 240 (col length:80)
BRAMs: 270 (col length: RAMB18 80 RAMB36 40)
---------------------------------------------------------------------------------
Finished Part Resource Summary
---------------------------------------------------------------------------------
---------------------------------------------------------------------------------
Start Cross Boundary and Area Optimization
---------------------------------------------------------------------------------
Warning: Parallel synthesis criteria is not met 
INFO: [Synth 8-5546] ROM "DISPLAY/my_ce_n_hz/CLK_N_Hz_o" won't be mapped to RAM because it is too sparse
---------------------------------------------------------------------------------
Finished Cross Boundary and Area Optimization : Time (s): cpu = 00:00:15 ; elapsed = 00:00:17 . Memory (MB): peak = 729.094 ; gain = 486.855
---------------------------------------------------------------------------------
---------------------------------------------------------------------------------
Start ROM, RAM, DSP and Shift Register Reporting
---------------------------------------------------------------------------------

Distributed RAM: Preliminary Mapping  Report (see note below)
+------------+------------------+-----------+----------------------+----------------+
|Module Name | RTL Object       | Inference | Size (Depth x Width) | Primitives     | 
+------------+------------------+-----------+----------------------+----------------+
|TOP         | DATAPATH/RAM_reg | Implied   | 16 x 4               | RAM16X1S x 4   | 
+------------+------------------+-----------+----------------------+----------------+

Note: The table above is a preliminary report that shows the Distributed RAMs at the current stage of the synthesis flow. Some Distributed RAMs may be reimplemented as non Distributed RAM primitives later in the synthesis flow. Multiple instantiated RAMs are reported only once.
---------------------------------------------------------------------------------
Finished ROM, RAM, DSP and Shift Register Reporting
---------------------------------------------------------------------------------

Report RTL Partitions: 
+-+--------------+------------+----------+
| |RTL Partition |Replication |Instances |
+-+--------------+------------+----------+
+-+--------------+------------+----------+
---------------------------------------------------------------------------------
Start Applying XDC Timing Constraints
---------------------------------------------------------------------------------
---------------------------------------------------------------------------------
Finished Applying XDC Timing Constraints : Time (s): cpu = 00:00:24 ; elapsed = 00:00:27 . Memory (MB): peak = 736.750 ; gain = 494.512
---------------------------------------------------------------------------------
---------------------------------------------------------------------------------
Start Timing Optimization
---------------------------------------------------------------------------------
---------------------------------------------------------------------------------
Finished Timing Optimization : Time (s): cpu = 00:00:25 ; elapsed = 00:00:28 . Memory (MB): peak = 764.500 ; gain = 522.262
---------------------------------------------------------------------------------
---------------------------------------------------------------------------------
Start ROM, RAM, DSP and Shift Register Reporting
---------------------------------------------------------------------------------

Distributed RAM: Final Mapping  Report
+------------+------------------+-----------+----------------------+----------------+
|Module Name | RTL Object       | Inference | Size (Depth x Width) | Primitives     | 
+------------+------------------+-----------+----------------------+----------------+
|TOP         | DATAPATH/RAM_reg | Implied   | 16 x 4               | RAM16X1S x 4   | 
+------------+------------------+-----------+----------------------+----------------+

---------------------------------------------------------------------------------
Finished ROM, RAM, DSP and Shift Register Reporting
---------------------------------------------------------------------------------

Report RTL Partitions: 
+-+--------------+------------+----------+
| |RTL Partition |Replication |Instances |
+-+--------------+------------+----------+
+-+--------------+------------+----------+
---------------------------------------------------------------------------------
Start Technology Mapping
---------------------------------------------------------------------------------
---------------------------------------------------------------------------------
Finished Technology Mapping : Time (s): cpu = 00:00:26 ; elapsed = 00:00:28 . Memory (MB): peak = 764.500 ; gain = 522.262
---------------------------------------------------------------------------------

Report RTL Partitions: 
+-+--------------+------------+----------+
| |RTL Partition |Replication |Instances |
+-+--------------+------------+----------+
+-+--------------+------------+----------+
---------------------------------------------------------------------------------
Start IO Insertion
---------------------------------------------------------------------------------
---------------------------------------------------------------------------------
Start Flattening Before IO Insertion
---------------------------------------------------------------------------------
---------------------------------------------------------------------------------
Finished Flattening Before IO Insertion
---------------------------------------------------------------------------------
---------------------------------------------------------------------------------
Start Final Netlist Cleanup
---------------------------------------------------------------------------------
---------------------------------------------------------------------------------
Finished Final Netlist Cleanup
---------------------------------------------------------------------------------
---------------------------------------------------------------------------------
Finished IO Insertion : Time (s): cpu = 00:00:27 ; elapsed = 00:00:29 . Memory (MB): peak = 764.500 ; gain = 522.262
---------------------------------------------------------------------------------

Report Check Netlist: 
+------+------------------+-------+---------+-------+------------------+
|      |Item              |Errors |Warnings |Status |Description       |
+------+------------------+-------+---------+-------+------------------+
|1     |multi_driven_nets |      0|        0|Passed |Multi driven nets |
+------+------------------+-------+---------+-------+------------------+
---------------------------------------------------------------------------------
Start Renaming Generated Instances
---------------------------------------------------------------------------------
---------------------------------------------------------------------------------
Finished Renaming Generated Instances : Time (s): cpu = 00:00:27 ; elapsed = 00:00:29 . Memory (MB): peak = 764.500 ; gain = 522.262
---------------------------------------------------------------------------------

Report RTL Partitions: 
+-+--------------+------------+----------+
| |RTL Partition |Replication |Instances |
+-+--------------+------------+----------+
+-+--------------+------------+----------+
---------------------------------------------------------------------------------
Start Rebuilding User Hierarchy
---------------------------------------------------------------------------------
---------------------------------------------------------------------------------
Finished Rebuilding User Hierarchy : Time (s): cpu = 00:00:27 ; elapsed = 00:00:29 . Memory (MB): peak = 764.500 ; gain = 522.262
---------------------------------------------------------------------------------
---------------------------------------------------------------------------------
Start Renaming Generated Ports
---------------------------------------------------------------------------------
---------------------------------------------------------------------------------
Finished Renaming Generated Ports : Time (s): cpu = 00:00:27 ; elapsed = 00:00:29 . Memory (MB): peak = 764.500 ; gain = 522.262
---------------------------------------------------------------------------------
---------------------------------------------------------------------------------
Start Handling Custom Attributes
---------------------------------------------------------------------------------
---------------------------------------------------------------------------------
Finished Handling Custom Attributes : Time (s): cpu = 00:00:27 ; elapsed = 00:00:29 . Memory (MB): peak = 764.500 ; gain = 522.262
---------------------------------------------------------------------------------
---------------------------------------------------------------------------------
Start Renaming Generated Nets
---------------------------------------------------------------------------------
---------------------------------------------------------------------------------
Finished Renaming Generated Nets : Time (s): cpu = 00:00:27 ; elapsed = 00:00:29 . Memory (MB): peak = 764.500 ; gain = 522.262
---------------------------------------------------------------------------------
---------------------------------------------------------------------------------
Start Writing Synthesis Report
---------------------------------------------------------------------------------

Report BlackBoxes: 
+-+--------------+----------+
| |BlackBox name |Instances |
+-+--------------+----------+
+-+--------------+----------+

Report Cell Usage: 
+------+---------+------+
|      |Cell     |Count |
+------+---------+------+
|1     |BUFG     |     1|
|2     |LUT1     |     1|
|3     |LUT2     |     4|
|4     |LUT3     |    17|
|5     |LUT4     |    12|
|6     |LUT5     |     5|
|7     |LUT6     |    18|
|8     |RAM16X1S |     4|
|9     |FDCE     |    23|
|10    |FDRE     |     4|
|11    |IBUF     |    12|
|12    |OBUF     |    16|
+------+---------+------+

Report Instance Areas: 
+------+----------------------+---------------+------+
|      |Instance              |Module         |Cells |
+------+----------------------+---------------+------+
|1     |top                   |               |   117|
|2     |  DATAPATH            |DATAPATH_0     |    31|
|3     |  DISPLAY             |DISP7SEG_8ON   |    57|
|4     |    my_ce_n_hz        |CE_N_Hz        |    28|
|5     |    my_counter_n_bits |COUNTER_N_bits |    29|
+------+----------------------+---------------+------+
---------------------------------------------------------------------------------
Finished Writing Synthesis Report : Time (s): cpu = 00:00:27 ; elapsed = 00:00:29 . Memory (MB): peak = 764.500 ; gain = 522.262
---------------------------------------------------------------------------------
Synthesis finished with 0 errors, 0 critical warnings and 0 warnings.
Synthesis Optimization Runtime : Time (s): cpu = 00:00:16 ; elapsed = 00:00:21 . Memory (MB): peak = 764.500 ; gain = 190.727
Synthesis Optimization Complete : Time (s): cpu = 00:00:27 ; elapsed = 00:00:30 . Memory (MB): peak = 764.500 ; gain = 522.262
INFO: [Project 1-571] Translating synthesized netlist
INFO: [Netlist 29-17] Analyzing 16 Unisim elements for replacement
INFO: [Netlist 29-28] Unisim Transformation completed in 0 CPU seconds
INFO: [Project 1-570] Preparing netlist for logic optimization
INFO: [Opt 31-138] Pushed 0 inverter(s) to 0 load pin(s).
INFO: [Project 1-111] Unisim Transformation Summary:
  A total of 4 instances were transformed.
  RAM16X1S => RAM32X1S (RAMS32): 4 instances

INFO: [Common 17-83] Releasing license: Synthesis
34 Infos, 0 Warnings, 0 Critical Warnings and 0 Errors encountered.
synth_design completed successfully
synth_design: Time (s): cpu = 00:00:29 ; elapsed = 00:00:32 . Memory (MB): peak = 765.371 ; gain = 536.254
WARNING: [Constraints 18-5210] No constraint will be written out.
INFO: [Common 17-1381] The checkpoint 'C:/Users/TDC/Vivado/TDC/Project_24/Project_24.runs/synth_1/TOP.dcp' has been generated.
INFO: [runtcl-4] Executing : report_utilization -file TOP_utilization_synth.rpt -pb TOP_utilization_synth.pb
report_utilization: Time (s): cpu = 00:00:00 ; elapsed = 00:00:00.037 . Memory (MB): peak = 765.371 ; gain = 0.000
INFO: [Common 17-206] Exiting Vivado at Wed Apr 21 13:08:37 2021...
